/software/python-2.7.12-el7-x86_64/lib/python2.7/site-packages/sklearn/utils/graph.py:115: FutureWarning: Conversion of the second argument of issubdtype from `int` to `np.signedinteger` is deprecated. In future, it will be treated as `np.int64 == np.dtype(int).type`.
  if normed and (np.issubdtype(csgraph.dtype, np.int)
_________________ GSE102580_filtered_normalized_counts_human_viral_transduction_transposed
Loading from text file
(19766, 25475)
GSE102580_filtered_normalized_counts_human_viral_transduction_transposed 19766 / 19766 5807.673407190946 5848.085521346573
---  GSE102580_filtered_normalized_counts_human_viral_transduction_transposed ---
Pre-filter: 19766 barcodes
Post-filter: 19766 barcodes
../datasets/Plasschaert_human_transduction/
../datasets/Plasschaert_human_transduction/full_k=6
../datasets/Plasschaert_human_transduction/full_k=7
../datasets/Plasschaert_human_transduction/full_k=8
../datasets/Plasschaert_human_transduction/full_k=9
../datasets/Plasschaert_human_transduction/full_k=10
../datasets/Plasschaert_human_transduction/full_k=11
../datasets/Plasschaert_human_transduction/full_k=12
/software/python-2.7.12-el7-x86_64/lib/python2.7/site-packages/sklearn/manifold/spectral_embedding_.py:229: UserWarning: Graph is not fully connected, spectral embedding may not work as expected.
  warnings.warn("Graph is not fully connected, spectral embedding"
/software/python-2.7.12-el7-x86_64/lib/python2.7/site-packages/sklearn/utils/graph.py:115: FutureWarning: Conversion of the second argument of issubdtype from `int` to `np.signedinteger` is deprecated. In future, it will be treated as `np.int64 == np.dtype(int).type`.
  if normed and (np.issubdtype(csgraph.dtype, np.int)
_________________ GSE102580_filtered_normalized_counts_mouse_transposed
Loading from text file
(14163, 28205)
GSE102580_filtered_normalized_counts_mouse_transposed 14163 / 14163 6505.232351153662 7244.898751292238
---  GSE102580_filtered_normalized_counts_mouse_transposed ---
Pre-filter: 14163 barcodes
Post-filter: 14163 barcodes
../datasets/Plasschaert_mouse/
../datasets/Plasschaert_mouse/full_k=5
../datasets/Plasschaert_mouse/full_k=6
../datasets/Plasschaert_mouse/full_k=7
../datasets/Plasschaert_mouse/full_k=8
../datasets/Plasschaert_mouse/full_k=9
../datasets/Plasschaert_mouse/full_k=10
../datasets/Plasschaert_mouse/full_k=11
../datasets/Plasschaert_mouse/full_k=12
/software/python-2.7.12-el7-x86_64/lib/python2.7/site-packages/sklearn/utils/graph.py:115: FutureWarning: Conversion of the second argument of issubdtype from `int` to `np.signedinteger` is deprecated. In future, it will be treated as `np.int64 == np.dtype(int).type`.
  if normed and (np.issubdtype(csgraph.dtype, np.int)
