_________________ GSE102580_filtered_normalized_counts_human_viral_transduction_transposed
Loading from text file
(19766, 25475)
GSE102580_filtered_normalized_counts_human_viral_transduction_transposed 19766 / 19766 5807.673407190946 5848.085521346573
---  GSE102580_filtered_normalized_counts_human_viral_transduction_transposed ---
Pre-filter: 19766 barcodes
Post-filter: 19766 barcodes
../datasets/Plasschaert_human_transduction/
../datasets/Plasschaert_human_transduction/full_k=6
Traceback (most recent call last):
  File "SPRING_Plasschaert_human_transduction.py", line 127, in <module>
    spec_clusters=['{:.1f}'.format(x) for x in spec_clusters]
ValueError: Unknown format code 'f' for object of type 'str'
_________________ GSE102580_filtered_normalized_counts_mouse_transposed
Loading from text file
(14163, 28205)
GSE102580_filtered_normalized_counts_mouse_transposed 14163 / 14163 6505.232351153662 7244.898751292238
---  GSE102580_filtered_normalized_counts_mouse_transposed ---
Pre-filter: 14163 barcodes
Post-filter: 14163 barcodes
../datasets/Plasschaert_mouse/
../datasets/Plasschaert_mouse/full_k=5
Traceback (most recent call last):
  File "SPRING_Plasschaert_mouse.py", line 127, in <module>
    spec_clusters=['{:.1f}'.format(x) for x in spec_clusters]
ValueError: Unknown format code 'f' for object of type 'str'
_________________ GSE102580_filtered_normalized_counts_human_transposed
Loading from text file
(2970, 25475)
GSE102580_filtered_normalized_counts_human_transposed 2970 / 2970 7380.809344747719 7566.885602946944
---  GSE102580_filtered_normalized_counts_human_transposed ---
Pre-filter: 2970 barcodes
Post-filter: 2970 barcodes
../datasets/Plasschaert_human_homeostasis/
../datasets/Plasschaert_human_homeostasis/full_k=4
Traceback (most recent call last):
  File "SPRING_Plasschaert_human.py", line 130, in <module>
    spec_clusters=['{:.1f}'.format(x) for x in spec_clusters]
ValueError: Unknown format code 'f' for object of type 'str'
